2019-01-01 13:57:47 - Root WebApplicationContext: initialization started
2019-01-01 13:57:47 - Refreshing Root WebApplicationContext: startup date [Tue Jan 01 13:57:47 KST 2019]; root of context hierarchy
2019-01-01 13:57:47 - Loading XML bean definitions from ServletContext resource [/WEB-INF/spring/root-context.xml]
2019-01-01 13:57:47 - Loading XML bean definitions from ServletContext resource [/WEB-INF/spring/security-context.xml]
2019-01-01 13:57:47 - Spring Security 'config' module version is 4.0.4.RELEASE
2019-01-01 13:57:47 - Creating access control expression attribute 'permitAll' for /login/loginForm
2019-01-01 13:57:47 - Creating access control expression attribute 'permitAll' for /home
2019-01-01 13:57:47 - Creating access control expression attribute 'hasAnyRole('USER, ADMIN')' for /**
2019-01-01 13:57:47 - Creating access control expression attribute 'hasRole('ADMIN')' for /admin/**
2019-01-01 13:57:47 - Checking sorted filter chain: [Root bean: class [org.springframework.security.web.context.SecurityContextPersistenceFilter]; scope=; abstract=false; lazyInit=false; autowireMode=0; dependencyCheck=0; autowireCandidate=true; primary=false; factoryBeanName=null; factoryMethodName=null; initMethodName=null; destroyMethodName=null, order = 200, Root bean: class [org.springframework.security.web.context.request.async.WebAsyncManagerIntegrationFilter]; scope=; abstract=false; lazyInit=false; autowireMode=0; dependencyCheck=0; autowireCandidate=true; primary=false; factoryBeanName=null; factoryMethodName=null; initMethodName=null; destroyMethodName=null, order = 400, Root bean: class [org.springframework.security.web.header.HeaderWriterFilter]; scope=; abstract=false; lazyInit=false; autowireMode=0; dependencyCheck=0; autowireCandidate=true; primary=false; factoryBeanName=null; factoryMethodName=null; initMethodName=null; destroyMethodName=null, order = 500, Root bean: class [org.springframework.security.web.csrf.CsrfFilter]; scope=; abstract=false; lazyInit=false; autowireMode=0; dependencyCheck=0; autowireCandidate=true; primary=false; factoryBeanName=null; factoryMethodName=null; initMethodName=null; destroyMethodName=null, order = 600, Root bean: class [org.springframework.security.web.authentication.logout.LogoutFilter]; scope=; abstract=false; lazyInit=false; autowireMode=0; dependencyCheck=0; autowireCandidate=true; primary=false; factoryBeanName=null; factoryMethodName=null; initMethodName=null; destroyMethodName=null, order = 700, <org.springframework.security.web.authentication.UsernamePasswordAuthenticationFilter#0>, order = 1100, Root bean: class [org.springframework.security.web.authentication.www.BasicAuthenticationFilter]; scope=; abstract=false; lazyInit=false; autowireMode=0; dependencyCheck=0; autowireCandidate=true; primary=false; factoryBeanName=null; factoryMethodName=null; initMethodName=null; destroyMethodName=null, order = 1500, Root bean: class [org.springframework.security.web.savedrequest.RequestCacheAwareFilter]; scope=; abstract=false; lazyInit=false; autowireMode=0; dependencyCheck=0; autowireCandidate=true; primary=false; factoryBeanName=null; factoryMethodName=null; initMethodName=null; destroyMethodName=null, order = 1600, Root bean: class [org.springframework.security.web.servletapi.SecurityContextHolderAwareRequestFilter]; scope=; abstract=false; lazyInit=false; autowireMode=0; dependencyCheck=0; autowireCandidate=true; primary=false; factoryBeanName=null; factoryMethodName=null; initMethodName=null; destroyMethodName=null, order = 1700, Root bean: class [org.springframework.security.web.authentication.AnonymousAuthenticationFilter]; scope=; abstract=false; lazyInit=false; autowireMode=0; dependencyCheck=0; autowireCandidate=true; primary=false; factoryBeanName=null; factoryMethodName=null; initMethodName=null; destroyMethodName=null, order = 2000, Root bean: class [org.springframework.security.web.session.SessionManagementFilter]; scope=; abstract=false; lazyInit=false; autowireMode=0; dependencyCheck=0; autowireCandidate=true; primary=false; factoryBeanName=null; factoryMethodName=null; initMethodName=null; destroyMethodName=null, order = 2100, Root bean: class [org.springframework.security.web.access.ExceptionTranslationFilter]; scope=; abstract=false; lazyInit=false; autowireMode=0; dependencyCheck=0; autowireCandidate=true; primary=false; factoryBeanName=null; factoryMethodName=null; initMethodName=null; destroyMethodName=null, order = 2200, <org.springframework.security.web.access.intercept.FilterSecurityInterceptor#0>, order = 2300]
2019-01-01 13:57:47 - Creating filter chain: org.springframework.security.web.util.matcher.AnyRequestMatcher@1, [org.springframework.security.web.context.SecurityContextPersistenceFilter@175fb9d9, org.springframework.security.web.context.request.async.WebAsyncManagerIntegrationFilter@66613b9d, org.springframework.security.web.header.HeaderWriterFilter@ae9811d, org.springframework.security.web.csrf.CsrfFilter@454294e3, org.springframework.security.web.authentication.logout.LogoutFilter@2f396ce3, org.springframework.security.web.authentication.UsernamePasswordAuthenticationFilter@40eb074a, org.springframework.security.web.authentication.www.BasicAuthenticationFilter@64c8723, org.springframework.security.web.savedrequest.RequestCacheAwareFilter@5778ee85, org.springframework.security.web.servletapi.SecurityContextHolderAwareRequestFilter@33c2defd, org.springframework.security.web.authentication.AnonymousAuthenticationFilter@2b0b5e98, org.springframework.security.web.session.SessionManagementFilter@491cb145, org.springframework.security.web.access.ExceptionTranslationFilter@59007225, org.springframework.security.web.access.intercept.FilterSecurityInterceptor@7c107ace]
2019-01-01 13:57:47 - Checking whether login URL '/login/loginForm' is accessible with your configuration
2019-01-01 13:57:47 - Root WebApplicationContext: initialization completed in 689 ms
2019-01-01 13:57:47 - FrameworkServlet 'appServlet': initialization started
2019-01-01 13:57:47 - Refreshing WebApplicationContext for namespace 'appServlet-servlet': startup date [Tue Jan 01 13:57:47 KST 2019]; parent: Root WebApplicationContext
2019-01-01 13:57:47 - Loading XML bean definitions from ServletContext resource [/WEB-INF/spring/appServlet/servlet-context.xml]
2019-01-01 13:57:48 - JSR-330 'javax.inject.Inject' annotation found and supported for autowiring
2019-01-01 13:57:48 - Mapped "{[/],methods=[GET],params=[],headers=[],consumes=[],produces=[],custom=[]}" onto public java.lang.String com.cho.homework.HomeController.home()
2019-01-01 13:57:48 - Mapped "{[/intro/introView],methods=[GET],params=[],headers=[],consumes=[],produces=[],custom=[]}" onto public java.lang.String com.cho.homework.HomeController.Intro()
2019-01-01 13:57:48 - Mapped "{[/login/loginForm],methods=[GET],params=[],headers=[],consumes=[],produces=[],custom=[]}" onto public java.lang.String com.cho.homework.LoginController.loginFor()
2019-01-01 13:57:48 - Mapped "{[/login/accessDenied],methods=[GET],params=[],headers=[],consumes=[],produces=[],custom=[]}" onto public java.lang.String com.cho.homework.LoginController.accessDenied()
2019-01-01 13:57:48 - Mapped "{[/admin/adminHome],methods=[GET],params=[],headers=[],consumes=[],produces=[],custom=[]}" onto public java.lang.String com.cho.homework.AdminController.home()
2019-01-01 13:57:48 - Mapped URL path [/resources/**] onto handler 'org.springframework.web.servlet.resource.ResourceHttpRequestHandler#0'
2019-01-01 13:57:48 - FrameworkServlet 'appServlet': initialization completed in 482 ms
2019-01-01 13:57:48 - /login/loginForm
2019-01-01 13:57:51 - /
2019-01-01 13:57:52 - No mapping found for HTTP request with URI [/home] in DispatcherServlet with name 'appServlet'
2019-01-01 13:57:58 - /login/loginForm
2019-01-01 13:58:05 - /
2019-01-01 13:58:06 - No mapping found for HTTP request with URI [/home] in DispatcherServlet with name 'appServlet'
2019-01-01 13:58:33 - /login/loginForm
2019-01-01 13:58:41 - Closing WebApplicationContext for namespace 'appServlet-servlet': startup date [Tue Jan 01 13:57:47 KST 2019]; parent: Root WebApplicationContext
2019-01-01 13:58:41 - Closing Root WebApplicationContext: startup date [Tue Jan 01 13:57:47 KST 2019]; root of context hierarchy
2019-01-01 14:00:44 - Root WebApplicationContext: initialization started
2019-01-01 14:00:44 - Refreshing Root WebApplicationContext: startup date [Tue Jan 01 14:00:44 KST 2019]; root of context hierarchy
2019-01-01 14:00:44 - Loading XML bean definitions from ServletContext resource [/WEB-INF/spring/root-context.xml]
2019-01-01 14:00:44 - Loading XML bean definitions from ServletContext resource [/WEB-INF/spring/security-context.xml]
2019-01-01 14:00:44 - Spring Security 'config' module version is 4.0.4.RELEASE
2019-01-01 14:00:44 - Creating access control expression attribute 'permitAll' for /login/loginForm
2019-01-01 14:00:44 - Creating access control expression attribute 'permitAll' for /home
2019-01-01 14:00:44 - Creating access control expression attribute 'hasAnyRole('USER, ADMIN')' for /**
2019-01-01 14:00:44 - Creating access control expression attribute 'hasRole('ADMIN')' for /admin/**
2019-01-01 14:00:44 - Checking sorted filter chain: [Root bean: class [org.springframework.security.web.context.SecurityContextPersistenceFilter]; scope=; abstract=false; lazyInit=false; autowireMode=0; dependencyCheck=0; autowireCandidate=true; primary=false; factoryBeanName=null; factoryMethodName=null; initMethodName=null; destroyMethodName=null, order = 200, Root bean: class [org.springframework.security.web.context.request.async.WebAsyncManagerIntegrationFilter]; scope=; abstract=false; lazyInit=false; autowireMode=0; dependencyCheck=0; autowireCandidate=true; primary=false; factoryBeanName=null; factoryMethodName=null; initMethodName=null; destroyMethodName=null, order = 400, Root bean: class [org.springframework.security.web.header.HeaderWriterFilter]; scope=; abstract=false; lazyInit=false; autowireMode=0; dependencyCheck=0; autowireCandidate=true; primary=false; factoryBeanName=null; factoryMethodName=null; initMethodName=null; destroyMethodName=null, order = 500, Root bean: class [org.springframework.security.web.csrf.CsrfFilter]; scope=; abstract=false; lazyInit=false; autowireMode=0; dependencyCheck=0; autowireCandidate=true; primary=false; factoryBeanName=null; factoryMethodName=null; initMethodName=null; destroyMethodName=null, order = 600, Root bean: class [org.springframework.security.web.authentication.logout.LogoutFilter]; scope=; abstract=false; lazyInit=false; autowireMode=0; dependencyCheck=0; autowireCandidate=true; primary=false; factoryBeanName=null; factoryMethodName=null; initMethodName=null; destroyMethodName=null, order = 700, <org.springframework.security.web.authentication.UsernamePasswordAuthenticationFilter#0>, order = 1100, Root bean: class [org.springframework.security.web.authentication.www.BasicAuthenticationFilter]; scope=; abstract=false; lazyInit=false; autowireMode=0; dependencyCheck=0; autowireCandidate=true; primary=false; factoryBeanName=null; factoryMethodName=null; initMethodName=null; destroyMethodName=null, order = 1500, Root bean: class [org.springframework.security.web.savedrequest.RequestCacheAwareFilter]; scope=; abstract=false; lazyInit=false; autowireMode=0; dependencyCheck=0; autowireCandidate=true; primary=false; factoryBeanName=null; factoryMethodName=null; initMethodName=null; destroyMethodName=null, order = 1600, Root bean: class [org.springframework.security.web.servletapi.SecurityContextHolderAwareRequestFilter]; scope=; abstract=false; lazyInit=false; autowireMode=0; dependencyCheck=0; autowireCandidate=true; primary=false; factoryBeanName=null; factoryMethodName=null; initMethodName=null; destroyMethodName=null, order = 1700, Root bean: class [org.springframework.security.web.authentication.AnonymousAuthenticationFilter]; scope=; abstract=false; lazyInit=false; autowireMode=0; dependencyCheck=0; autowireCandidate=true; primary=false; factoryBeanName=null; factoryMethodName=null; initMethodName=null; destroyMethodName=null, order = 2000, Root bean: class [org.springframework.security.web.session.SessionManagementFilter]; scope=; abstract=false; lazyInit=false; autowireMode=0; dependencyCheck=0; autowireCandidate=true; primary=false; factoryBeanName=null; factoryMethodName=null; initMethodName=null; destroyMethodName=null, order = 2100, Root bean: class [org.springframework.security.web.access.ExceptionTranslationFilter]; scope=; abstract=false; lazyInit=false; autowireMode=0; dependencyCheck=0; autowireCandidate=true; primary=false; factoryBeanName=null; factoryMethodName=null; initMethodName=null; destroyMethodName=null, order = 2200, <org.springframework.security.web.access.intercept.FilterSecurityInterceptor#0>, order = 2300]
2019-01-01 14:00:45 - Creating filter chain: org.springframework.security.web.util.matcher.AnyRequestMatcher@1, [org.springframework.security.web.context.SecurityContextPersistenceFilter@175fb9d9, org.springframework.security.web.context.request.async.WebAsyncManagerIntegrationFilter@66613b9d, org.springframework.security.web.header.HeaderWriterFilter@ae9811d, org.springframework.security.web.csrf.CsrfFilter@454294e3, org.springframework.security.web.authentication.logout.LogoutFilter@2f396ce3, org.springframework.security.web.authentication.UsernamePasswordAuthenticationFilter@40eb074a, org.springframework.security.web.authentication.www.BasicAuthenticationFilter@64c8723, org.springframework.security.web.savedrequest.RequestCacheAwareFilter@5778ee85, org.springframework.security.web.servletapi.SecurityContextHolderAwareRequestFilter@33c2defd, org.springframework.security.web.authentication.AnonymousAuthenticationFilter@2b0b5e98, org.springframework.security.web.session.SessionManagementFilter@491cb145, org.springframework.security.web.access.ExceptionTranslationFilter@59007225, org.springframework.security.web.access.intercept.FilterSecurityInterceptor@7c107ace]
2019-01-01 14:00:45 - Checking whether login URL '/login/loginForm' is accessible with your configuration
2019-01-01 14:00:45 - Root WebApplicationContext: initialization completed in 748 ms
2019-01-01 14:00:45 - FrameworkServlet 'appServlet': initialization started
2019-01-01 14:00:45 - Refreshing WebApplicationContext for namespace 'appServlet-servlet': startup date [Tue Jan 01 14:00:45 KST 2019]; parent: Root WebApplicationContext
2019-01-01 14:00:45 - Loading XML bean definitions from ServletContext resource [/WEB-INF/spring/appServlet/servlet-context.xml]
2019-01-01 14:00:45 - JSR-330 'javax.inject.Inject' annotation found and supported for autowiring
2019-01-01 14:00:45 - Mapped "{[/],methods=[GET],params=[],headers=[],consumes=[],produces=[],custom=[]}" onto public java.lang.String com.cho.homework.HomeController.home()
2019-01-01 14:00:45 - Mapped "{[/intro/introView],methods=[GET],params=[],headers=[],consumes=[],produces=[],custom=[]}" onto public java.lang.String com.cho.homework.HomeController.Intro()
2019-01-01 14:00:45 - Mapped "{[/login/loginForm],methods=[GET],params=[],headers=[],consumes=[],produces=[],custom=[]}" onto public java.lang.String com.cho.homework.LoginController.loginFor()
2019-01-01 14:00:45 - Mapped "{[/login/accessDenied],methods=[GET],params=[],headers=[],consumes=[],produces=[],custom=[]}" onto public java.lang.String com.cho.homework.LoginController.accessDenied()
2019-01-01 14:00:45 - Mapped "{[/admin/adminHome],methods=[GET],params=[],headers=[],consumes=[],produces=[],custom=[]}" onto public java.lang.String com.cho.homework.AdminController.home()
2019-01-01 14:00:45 - Mapped URL path [/resources/**] onto handler 'org.springframework.web.servlet.resource.ResourceHttpRequestHandler#0'
2019-01-01 14:00:45 - FrameworkServlet 'appServlet': initialization completed in 493 ms
2019-01-01 14:00:52 - /login/loginForm
2019-01-01 14:00:54 - /
2019-01-01 14:00:57 - /intro/introView
2019-01-01 14:00:58 - No mapping found for HTTP request with URI [/home] in DispatcherServlet with name 'appServlet'
2019-01-01 14:01:35 - Closing WebApplicationContext for namespace 'appServlet-servlet': startup date [Tue Jan 01 14:00:45 KST 2019]; parent: Root WebApplicationContext
2019-01-01 14:01:35 - Closing Root WebApplicationContext: startup date [Tue Jan 01 14:00:44 KST 2019]; root of context hierarchy
2019-01-01 14:01:37 - Root WebApplicationContext: initialization started
2019-01-01 14:01:37 - Refreshing Root WebApplicationContext: startup date [Tue Jan 01 14:01:37 KST 2019]; root of context hierarchy
2019-01-01 14:01:37 - Loading XML bean definitions from ServletContext resource [/WEB-INF/spring/root-context.xml]
2019-01-01 14:01:37 - Loading XML bean definitions from ServletContext resource [/WEB-INF/spring/security-context.xml]
2019-01-01 14:01:37 - Spring Security 'config' module version is 4.0.4.RELEASE
2019-01-01 14:01:37 - Creating access control expression attribute 'permitAll' for /login/loginForm
2019-01-01 14:01:37 - Creating access control expression attribute 'permitAll' for /home
2019-01-01 14:01:37 - Creating access control expression attribute 'hasAnyRole('USER, ADMIN')' for /**
2019-01-01 14:01:37 - Creating access control expression attribute 'hasRole('ADMIN')' for /admin/**
2019-01-01 14:01:38 - Checking sorted filter chain: [Root bean: class [org.springframework.security.web.context.SecurityContextPersistenceFilter]; scope=; abstract=false; lazyInit=false; autowireMode=0; dependencyCheck=0; autowireCandidate=true; primary=false; factoryBeanName=null; factoryMethodName=null; initMethodName=null; destroyMethodName=null, order = 200, Root bean: class [org.springframework.security.web.context.request.async.WebAsyncManagerIntegrationFilter]; scope=; abstract=false; lazyInit=false; autowireMode=0; dependencyCheck=0; autowireCandidate=true; primary=false; factoryBeanName=null; factoryMethodName=null; initMethodName=null; destroyMethodName=null, order = 400, Root bean: class [org.springframework.security.web.header.HeaderWriterFilter]; scope=; abstract=false; lazyInit=false; autowireMode=0; dependencyCheck=0; autowireCandidate=true; primary=false; factoryBeanName=null; factoryMethodName=null; initMethodName=null; destroyMethodName=null, order = 500, Root bean: class [org.springframework.security.web.csrf.CsrfFilter]; scope=; abstract=false; lazyInit=false; autowireMode=0; dependencyCheck=0; autowireCandidate=true; primary=false; factoryBeanName=null; factoryMethodName=null; initMethodName=null; destroyMethodName=null, order = 600, Root bean: class [org.springframework.security.web.authentication.logout.LogoutFilter]; scope=; abstract=false; lazyInit=false; autowireMode=0; dependencyCheck=0; autowireCandidate=true; primary=false; factoryBeanName=null; factoryMethodName=null; initMethodName=null; destroyMethodName=null, order = 700, <org.springframework.security.web.authentication.UsernamePasswordAuthenticationFilter#0>, order = 1100, Root bean: class [org.springframework.security.web.authentication.www.BasicAuthenticationFilter]; scope=; abstract=false; lazyInit=false; autowireMode=0; dependencyCheck=0; autowireCandidate=true; primary=false; factoryBeanName=null; factoryMethodName=null; initMethodName=null; destroyMethodName=null, order = 1500, Root bean: class [org.springframework.security.web.savedrequest.RequestCacheAwareFilter]; scope=; abstract=false; lazyInit=false; autowireMode=0; dependencyCheck=0; autowireCandidate=true; primary=false; factoryBeanName=null; factoryMethodName=null; initMethodName=null; destroyMethodName=null, order = 1600, Root bean: class [org.springframework.security.web.servletapi.SecurityContextHolderAwareRequestFilter]; scope=; abstract=false; lazyInit=false; autowireMode=0; dependencyCheck=0; autowireCandidate=true; primary=false; factoryBeanName=null; factoryMethodName=null; initMethodName=null; destroyMethodName=null, order = 1700, Root bean: class [org.springframework.security.web.authentication.AnonymousAuthenticationFilter]; scope=; abstract=false; lazyInit=false; autowireMode=0; dependencyCheck=0; autowireCandidate=true; primary=false; factoryBeanName=null; factoryMethodName=null; initMethodName=null; destroyMethodName=null, order = 2000, Root bean: class [org.springframework.security.web.session.SessionManagementFilter]; scope=; abstract=false; lazyInit=false; autowireMode=0; dependencyCheck=0; autowireCandidate=true; primary=false; factoryBeanName=null; factoryMethodName=null; initMethodName=null; destroyMethodName=null, order = 2100, Root bean: class [org.springframework.security.web.access.ExceptionTranslationFilter]; scope=; abstract=false; lazyInit=false; autowireMode=0; dependencyCheck=0; autowireCandidate=true; primary=false; factoryBeanName=null; factoryMethodName=null; initMethodName=null; destroyMethodName=null, order = 2200, <org.springframework.security.web.access.intercept.FilterSecurityInterceptor#0>, order = 2300]
2019-01-01 14:01:38 - Creating filter chain: org.springframework.security.web.util.matcher.AnyRequestMatcher@1, [org.springframework.security.web.context.SecurityContextPersistenceFilter@175fb9d9, org.springframework.security.web.context.request.async.WebAsyncManagerIntegrationFilter@66613b9d, org.springframework.security.web.header.HeaderWriterFilter@ae9811d, org.springframework.security.web.csrf.CsrfFilter@454294e3, org.springframework.security.web.authentication.logout.LogoutFilter@2f396ce3, org.springframework.security.web.authentication.UsernamePasswordAuthenticationFilter@40eb074a, org.springframework.security.web.authentication.www.BasicAuthenticationFilter@64c8723, org.springframework.security.web.savedrequest.RequestCacheAwareFilter@5778ee85, org.springframework.security.web.servletapi.SecurityContextHolderAwareRequestFilter@33c2defd, org.springframework.security.web.authentication.AnonymousAuthenticationFilter@2b0b5e98, org.springframework.security.web.session.SessionManagementFilter@491cb145, org.springframework.security.web.access.ExceptionTranslationFilter@59007225, org.springframework.security.web.access.intercept.FilterSecurityInterceptor@7c107ace]
2019-01-01 14:01:38 - Checking whether login URL '/login/loginForm' is accessible with your configuration
2019-01-01 14:01:38 - Root WebApplicationContext: initialization completed in 685 ms
2019-01-01 14:01:38 - FrameworkServlet 'appServlet': initialization started
2019-01-01 14:01:38 - Refreshing WebApplicationContext for namespace 'appServlet-servlet': startup date [Tue Jan 01 14:01:38 KST 2019]; parent: Root WebApplicationContext
2019-01-01 14:01:38 - Loading XML bean definitions from ServletContext resource [/WEB-INF/spring/appServlet/servlet-context.xml]
2019-01-01 14:01:38 - JSR-330 'javax.inject.Inject' annotation found and supported for autowiring
2019-01-01 14:01:38 - Mapped "{[/],methods=[GET],params=[],headers=[],consumes=[],produces=[],custom=[]}" onto public java.lang.String com.cho.homework.HomeController.home()
2019-01-01 14:01:38 - Mapped "{[/intro/introView],methods=[GET],params=[],headers=[],consumes=[],produces=[],custom=[]}" onto public java.lang.String com.cho.homework.HomeController.Intro()
2019-01-01 14:01:38 - Mapped "{[/login/loginForm],methods=[GET],params=[],headers=[],consumes=[],produces=[],custom=[]}" onto public java.lang.String com.cho.homework.LoginController.loginFor()
2019-01-01 14:01:38 - Mapped "{[/login/accessDenied],methods=[GET],params=[],headers=[],consumes=[],produces=[],custom=[]}" onto public java.lang.String com.cho.homework.LoginController.accessDenied()
2019-01-01 14:01:38 - Mapped "{[/admin/adminHome],methods=[GET],params=[],headers=[],consumes=[],produces=[],custom=[]}" onto public java.lang.String com.cho.homework.AdminController.home()
2019-01-01 14:01:38 - Mapped URL path [/resources/**] onto handler 'org.springframework.web.servlet.resource.ResourceHttpRequestHandler#0'
2019-01-01 14:01:38 - FrameworkServlet 'appServlet': initialization completed in 467 ms
2019-01-01 14:01:39 - /
2019-01-01 14:01:41 - /intro/introView
2019-01-01 14:01:43 - /
2019-01-01 14:01:44 - /admin/adminHome
2019-01-01 14:01:45 - No mapping found for HTTP request with URI [/home] in DispatcherServlet with name 'appServlet'
2019-01-01 14:02:17 - /admin/adminHome
2019-01-01 14:02:20 - /
2019-01-01 14:02:22 - No mapping found for HTTP request with URI [/home] in DispatcherServlet with name 'appServlet'
2019-01-01 14:02:54 - /login/loginForm
2019-01-01 14:02:55 - /
2019-01-01 14:02:57 - /admin/adminHome
2019-01-01 14:03:13 - /
2019-01-01 14:03:15 - No mapping found for HTTP request with URI [/home] in DispatcherServlet with name 'appServlet'
2019-01-01 14:03:18 - /login/loginForm
2019-01-01 14:03:19 - /
2019-01-01 14:04:21 - Closing WebApplicationContext for namespace 'appServlet-servlet': startup date [Tue Jan 01 14:01:38 KST 2019]; parent: Root WebApplicationContext
2019-01-01 14:04:21 - Closing Root WebApplicationContext: startup date [Tue Jan 01 14:01:37 KST 2019]; root of context hierarchy
2019-01-01 14:04:23 - Root WebApplicationContext: initialization started
2019-01-01 14:04:23 - Refreshing Root WebApplicationContext: startup date [Tue Jan 01 14:04:23 KST 2019]; root of context hierarchy
2019-01-01 14:04:23 - Loading XML bean definitions from ServletContext resource [/WEB-INF/spring/root-context.xml]
2019-01-01 14:04:23 - Loading XML bean definitions from ServletContext resource [/WEB-INF/spring/security-context.xml]
2019-01-01 14:04:23 - Spring Security 'config' module version is 4.0.4.RELEASE
2019-01-01 14:04:23 - Creating access control expression attribute 'permitAll' for /login/loginForm
2019-01-01 14:04:23 - Creating access control expression attribute 'permitAll' for /home
2019-01-01 14:04:23 - Creating access control expression attribute 'hasAnyRole('USER, ADMIN')' for /**
2019-01-01 14:04:23 - Creating access control expression attribute 'hasRole('ADMIN')' for /admin/**
2019-01-01 14:04:23 - Checking sorted filter chain: [Root bean: class [org.springframework.security.web.context.SecurityContextPersistenceFilter]; scope=; abstract=false; lazyInit=false; autowireMode=0; dependencyCheck=0; autowireCandidate=true; primary=false; factoryBeanName=null; factoryMethodName=null; initMethodName=null; destroyMethodName=null, order = 200, Root bean: class [org.springframework.security.web.context.request.async.WebAsyncManagerIntegrationFilter]; scope=; abstract=false; lazyInit=false; autowireMode=0; dependencyCheck=0; autowireCandidate=true; primary=false; factoryBeanName=null; factoryMethodName=null; initMethodName=null; destroyMethodName=null, order = 400, Root bean: class [org.springframework.security.web.header.HeaderWriterFilter]; scope=; abstract=false; lazyInit=false; autowireMode=0; dependencyCheck=0; autowireCandidate=true; primary=false; factoryBeanName=null; factoryMethodName=null; initMethodName=null; destroyMethodName=null, order = 500, Root bean: class [org.springframework.security.web.csrf.CsrfFilter]; scope=; abstract=false; lazyInit=false; autowireMode=0; dependencyCheck=0; autowireCandidate=true; primary=false; factoryBeanName=null; factoryMethodName=null; initMethodName=null; destroyMethodName=null, order = 600, Root bean: class [org.springframework.security.web.authentication.logout.LogoutFilter]; scope=; abstract=false; lazyInit=false; autowireMode=0; dependencyCheck=0; autowireCandidate=true; primary=false; factoryBeanName=null; factoryMethodName=null; initMethodName=null; destroyMethodName=null, order = 700, <org.springframework.security.web.authentication.UsernamePasswordAuthenticationFilter#0>, order = 1100, Root bean: class [org.springframework.security.web.authentication.www.BasicAuthenticationFilter]; scope=; abstract=false; lazyInit=false; autowireMode=0; dependencyCheck=0; autowireCandidate=true; primary=false; factoryBeanName=null; factoryMethodName=null; initMethodName=null; destroyMethodName=null, order = 1500, Root bean: class [org.springframework.security.web.savedrequest.RequestCacheAwareFilter]; scope=; abstract=false; lazyInit=false; autowireMode=0; dependencyCheck=0; autowireCandidate=true; primary=false; factoryBeanName=null; factoryMethodName=null; initMethodName=null; destroyMethodName=null, order = 1600, Root bean: class [org.springframework.security.web.servletapi.SecurityContextHolderAwareRequestFilter]; scope=; abstract=false; lazyInit=false; autowireMode=0; dependencyCheck=0; autowireCandidate=true; primary=false; factoryBeanName=null; factoryMethodName=null; initMethodName=null; destroyMethodName=null, order = 1700, Root bean: class [org.springframework.security.web.authentication.AnonymousAuthenticationFilter]; scope=; abstract=false; lazyInit=false; autowireMode=0; dependencyCheck=0; autowireCandidate=true; primary=false; factoryBeanName=null; factoryMethodName=null; initMethodName=null; destroyMethodName=null, order = 2000, Root bean: class [org.springframework.security.web.session.SessionManagementFilter]; scope=; abstract=false; lazyInit=false; autowireMode=0; dependencyCheck=0; autowireCandidate=true; primary=false; factoryBeanName=null; factoryMethodName=null; initMethodName=null; destroyMethodName=null, order = 2100, Root bean: class [org.springframework.security.web.access.ExceptionTranslationFilter]; scope=; abstract=false; lazyInit=false; autowireMode=0; dependencyCheck=0; autowireCandidate=true; primary=false; factoryBeanName=null; factoryMethodName=null; initMethodName=null; destroyMethodName=null, order = 2200, <org.springframework.security.web.access.intercept.FilterSecurityInterceptor#0>, order = 2300]
2019-01-01 14:04:24 - Creating filter chain: org.springframework.security.web.util.matcher.AnyRequestMatcher@1, [org.springframework.security.web.context.SecurityContextPersistenceFilter@b9eb5cd, org.springframework.security.web.context.request.async.WebAsyncManagerIntegrationFilter@397c11f2, org.springframework.security.web.header.HeaderWriterFilter@626ea965, org.springframework.security.web.csrf.CsrfFilter@1edde0d3, org.springframework.security.web.authentication.logout.LogoutFilter@60131e18, org.springframework.security.web.authentication.UsernamePasswordAuthenticationFilter@39396069, org.springframework.security.web.authentication.www.BasicAuthenticationFilter@2e8bd3aa, org.springframework.security.web.savedrequest.RequestCacheAwareFilter@5f2175d0, org.springframework.security.web.servletapi.SecurityContextHolderAwareRequestFilter@273a43f2, org.springframework.security.web.authentication.AnonymousAuthenticationFilter@55724554, org.springframework.security.web.session.SessionManagementFilter@2514cad3, org.springframework.security.web.access.ExceptionTranslationFilter@71cfa454, org.springframework.security.web.access.intercept.FilterSecurityInterceptor@49f4c4c]
2019-01-01 14:04:24 - Checking whether login URL '/login/loginForm' is accessible with your configuration
2019-01-01 14:04:24 - Root WebApplicationContext: initialization completed in 780 ms
2019-01-01 14:04:24 - FrameworkServlet 'appServlet': initialization started
2019-01-01 14:04:24 - Refreshing WebApplicationContext for namespace 'appServlet-servlet': startup date [Tue Jan 01 14:04:24 KST 2019]; parent: Root WebApplicationContext
2019-01-01 14:04:24 - Loading XML bean definitions from ServletContext resource [/WEB-INF/spring/appServlet/servlet-context.xml]
2019-01-01 14:04:24 - JSR-330 'javax.inject.Inject' annotation found and supported for autowiring
2019-01-01 14:04:24 - Mapped "{[/],methods=[GET],params=[],headers=[],consumes=[],produces=[],custom=[]}" onto public java.lang.String com.cho.homework.HomeController.home()
2019-01-01 14:04:24 - Mapped "{[/intro/introView],methods=[GET],params=[],headers=[],consumes=[],produces=[],custom=[]}" onto public java.lang.String com.cho.homework.HomeController.Intro()
2019-01-01 14:04:24 - Mapped "{[/login/loginForm],methods=[GET],params=[],headers=[],consumes=[],produces=[],custom=[]}" onto public java.lang.String com.cho.homework.LoginController.loginFor()
2019-01-01 14:04:24 - Mapped "{[/login/accessDenied],methods=[GET],params=[],headers=[],consumes=[],produces=[],custom=[]}" onto public java.lang.String com.cho.homework.LoginController.accessDenied()
2019-01-01 14:04:24 - Mapped "{[/admin/adminHome],methods=[GET],params=[],headers=[],consumes=[],produces=[],custom=[]}" onto public java.lang.String com.cho.homework.AdminController.home()
2019-01-01 14:04:24 - Mapped URL path [/resources/**] onto handler 'org.springframework.web.servlet.resource.ResourceHttpRequestHandler#0'
2019-01-01 14:04:24 - FrameworkServlet 'appServlet': initialization completed in 486 ms
2019-01-01 14:04:30 - /login/loginForm
2019-01-01 14:04:31 - /
2019-01-01 14:04:32 - /login/loginForm
2019-01-01 14:04:32 - /
2019-01-01 14:04:33 - /intro/introView
2019-01-01 14:04:34 - /
2019-01-01 14:04:35 - /admin/adminHome
2019-01-01 14:04:35 - /
2019-01-01 14:04:36 - /login/loginForm
2019-01-01 14:04:37 - /
2019-01-01 14:04:38 - /admin/adminHome
2019-01-01 14:04:39 - /
2019-01-01 14:04:40 - /login/loginForm
2019-01-01 14:04:48 - /
2019-01-01 14:04:50 - /admin/adminHome
2019-01-01 14:04:51 - /
2019-01-01 14:04:52 - /login/loginForm
2019-01-01 14:04:55 - /
2019-01-01 14:04:56 - /admin/adminHome
2019-01-01 14:06:21 - Closing WebApplicationContext for namespace 'appServlet-servlet': startup date [Tue Jan 01 14:04:24 KST 2019]; parent: Root WebApplicationContext
2019-01-01 14:06:21 - Closing Root WebApplicationContext: startup date [Tue Jan 01 14:04:23 KST 2019]; root of context hierarchy
2019-01-01 14:06:23 - Root WebApplicationContext: initialization started
2019-01-01 14:06:23 - Refreshing Root WebApplicationContext: startup date [Tue Jan 01 14:06:23 KST 2019]; root of context hierarchy
2019-01-01 14:06:23 - Loading XML bean definitions from ServletContext resource [/WEB-INF/spring/root-context.xml]
2019-01-01 14:06:24 - Loading XML bean definitions from ServletContext resource [/WEB-INF/spring/security-context.xml]
2019-01-01 14:06:24 - Spring Security 'config' module version is 4.0.4.RELEASE
2019-01-01 14:06:24 - Creating access control expression attribute 'permitAll' for /login/loginForm
2019-01-01 14:06:24 - Creating access control expression attribute 'permitAll' for /
2019-01-01 14:06:24 - Creating access control expression attribute 'hasRole('ADMIN')' for /admin/**
2019-01-01 14:06:24 - Creating access control expression attribute 'hasAnyRole('USER, ADMIN')' for /**
2019-01-01 14:06:24 - Checking sorted filter chain: [Root bean: class [org.springframework.security.web.context.SecurityContextPersistenceFilter]; scope=; abstract=false; lazyInit=false; autowireMode=0; dependencyCheck=0; autowireCandidate=true; primary=false; factoryBeanName=null; factoryMethodName=null; initMethodName=null; destroyMethodName=null, order = 200, Root bean: class [org.springframework.security.web.context.request.async.WebAsyncManagerIntegrationFilter]; scope=; abstract=false; lazyInit=false; autowireMode=0; dependencyCheck=0; autowireCandidate=true; primary=false; factoryBeanName=null; factoryMethodName=null; initMethodName=null; destroyMethodName=null, order = 400, Root bean: class [org.springframework.security.web.header.HeaderWriterFilter]; scope=; abstract=false; lazyInit=false; autowireMode=0; dependencyCheck=0; autowireCandidate=true; primary=false; factoryBeanName=null; factoryMethodName=null; initMethodName=null; destroyMethodName=null, order = 500, Root bean: class [org.springframework.security.web.csrf.CsrfFilter]; scope=; abstract=false; lazyInit=false; autowireMode=0; dependencyCheck=0; autowireCandidate=true; primary=false; factoryBeanName=null; factoryMethodName=null; initMethodName=null; destroyMethodName=null, order = 600, Root bean: class [org.springframework.security.web.authentication.logout.LogoutFilter]; scope=; abstract=false; lazyInit=false; autowireMode=0; dependencyCheck=0; autowireCandidate=true; primary=false; factoryBeanName=null; factoryMethodName=null; initMethodName=null; destroyMethodName=null, order = 700, <org.springframework.security.web.authentication.UsernamePasswordAuthenticationFilter#0>, order = 1100, Root bean: class [org.springframework.security.web.authentication.www.BasicAuthenticationFilter]; scope=; abstract=false; lazyInit=false; autowireMode=0; dependencyCheck=0; autowireCandidate=true; primary=false; factoryBeanName=null; factoryMethodName=null; initMethodName=null; destroyMethodName=null, order = 1500, Root bean: class [org.springframework.security.web.savedrequest.RequestCacheAwareFilter]; scope=; abstract=false; lazyInit=false; autowireMode=0; dependencyCheck=0; autowireCandidate=true; primary=false; factoryBeanName=null; factoryMethodName=null; initMethodName=null; destroyMethodName=null, order = 1600, Root bean: class [org.springframework.security.web.servletapi.SecurityContextHolderAwareRequestFilter]; scope=; abstract=false; lazyInit=false; autowireMode=0; dependencyCheck=0; autowireCandidate=true; primary=false; factoryBeanName=null; factoryMethodName=null; initMethodName=null; destroyMethodName=null, order = 1700, Root bean: class [org.springframework.security.web.authentication.AnonymousAuthenticationFilter]; scope=; abstract=false; lazyInit=false; autowireMode=0; dependencyCheck=0; autowireCandidate=true; primary=false; factoryBeanName=null; factoryMethodName=null; initMethodName=null; destroyMethodName=null, order = 2000, Root bean: class [org.springframework.security.web.session.SessionManagementFilter]; scope=; abstract=false; lazyInit=false; autowireMode=0; dependencyCheck=0; autowireCandidate=true; primary=false; factoryBeanName=null; factoryMethodName=null; initMethodName=null; destroyMethodName=null, order = 2100, Root bean: class [org.springframework.security.web.access.ExceptionTranslationFilter]; scope=; abstract=false; lazyInit=false; autowireMode=0; dependencyCheck=0; autowireCandidate=true; primary=false; factoryBeanName=null; factoryMethodName=null; initMethodName=null; destroyMethodName=null, order = 2200, <org.springframework.security.web.access.intercept.FilterSecurityInterceptor#0>, order = 2300]
2019-01-01 14:06:24 - Creating filter chain: org.springframework.security.web.util.matcher.AnyRequestMatcher@1, [org.springframework.security.web.context.SecurityContextPersistenceFilter@52a2d86b, org.springframework.security.web.context.request.async.WebAsyncManagerIntegrationFilter@41c8e75c, org.springframework.security.web.header.HeaderWriterFilter@1582ff82, org.springframework.security.web.csrf.CsrfFilter@fbb0586, org.springframework.security.web.authentication.logout.LogoutFilter@4b1ef59a, org.springframework.security.web.authentication.UsernamePasswordAuthenticationFilter@4dea09a2, org.springframework.security.web.authentication.www.BasicAuthenticationFilter@4f969172, org.springframework.security.web.savedrequest.RequestCacheAwareFilter@18563a33, org.springframework.security.web.servletapi.SecurityContextHolderAwareRequestFilter@2458ae86, org.springframework.security.web.authentication.AnonymousAuthenticationFilter@39e204b6, org.springframework.security.web.session.SessionManagementFilter@42040ff9, org.springframework.security.web.access.ExceptionTranslationFilter@6b2a2228, org.springframework.security.web.access.intercept.FilterSecurityInterceptor@a678d55]
2019-01-01 14:06:24 - Checking whether login URL '/login/loginForm' is accessible with your configuration
2019-01-01 14:06:24 - Root WebApplicationContext: initialization completed in 841 ms
2019-01-01 14:06:24 - FrameworkServlet 'appServlet': initialization started
2019-01-01 14:06:24 - Refreshing WebApplicationContext for namespace 'appServlet-servlet': startup date [Tue Jan 01 14:06:24 KST 2019]; parent: Root WebApplicationContext
2019-01-01 14:06:24 - Loading XML bean definitions from ServletContext resource [/WEB-INF/spring/appServlet/servlet-context.xml]
2019-01-01 14:06:24 - JSR-330 'javax.inject.Inject' annotation found and supported for autowiring
2019-01-01 14:06:24 - Mapped "{[/],methods=[GET],params=[],headers=[],consumes=[],produces=[],custom=[]}" onto public java.lang.String com.cho.homework.HomeController.home()
2019-01-01 14:06:24 - Mapped "{[/intro/introView],methods=[GET],params=[],headers=[],consumes=[],produces=[],custom=[]}" onto public java.lang.String com.cho.homework.HomeController.Intro()
2019-01-01 14:06:24 - Mapped "{[/login/loginForm],methods=[GET],params=[],headers=[],consumes=[],produces=[],custom=[]}" onto public java.lang.String com.cho.homework.LoginController.loginFor()
2019-01-01 14:06:24 - Mapped "{[/login/accessDenied],methods=[GET],params=[],headers=[],consumes=[],produces=[],custom=[]}" onto public java.lang.String com.cho.homework.LoginController.accessDenied()
2019-01-01 14:06:24 - Mapped "{[/admin/adminHome],methods=[GET],params=[],headers=[],consumes=[],produces=[],custom=[]}" onto public java.lang.String com.cho.homework.AdminController.home()
2019-01-01 14:06:25 - Mapped URL path [/resources/**] onto handler 'org.springframework.web.servlet.resource.ResourceHttpRequestHandler#0'
2019-01-01 14:06:25 - FrameworkServlet 'appServlet': initialization completed in 473 ms
2019-01-01 14:06:25 - /
2019-01-01 14:06:30 - /
2019-01-01 14:06:31 - /
2019-01-01 14:06:33 - /login/loginForm
2019-01-01 14:06:34 - No mapping found for HTTP request with URI [/home] in DispatcherServlet with name 'appServlet'
2019-01-01 14:06:35 - /login/loginForm
2019-01-01 14:06:37 - No mapping found for HTTP request with URI [/home] in DispatcherServlet with name 'appServlet'
2019-01-01 14:07:06 - Closing WebApplicationContext for namespace 'appServlet-servlet': startup date [Tue Jan 01 14:06:24 KST 2019]; parent: Root WebApplicationContext
2019-01-01 14:07:06 - Closing Root WebApplicationContext: startup date [Tue Jan 01 14:06:23 KST 2019]; root of context hierarchy
2019-01-01 14:07:07 - Root WebApplicationContext: initialization started
2019-01-01 14:07:07 - Refreshing Root WebApplicationContext: startup date [Tue Jan 01 14:07:07 KST 2019]; root of context hierarchy
2019-01-01 14:07:08 - Loading XML bean definitions from ServletContext resource [/WEB-INF/spring/root-context.xml]
2019-01-01 14:07:08 - Loading XML bean definitions from ServletContext resource [/WEB-INF/spring/security-context.xml]
2019-01-01 14:07:08 - Spring Security 'config' module version is 4.0.4.RELEASE
2019-01-01 14:07:08 - Creating access control expression attribute 'permitAll' for /login/loginForm
2019-01-01 14:07:08 - Creating access control expression attribute 'permitAll' for /
2019-01-01 14:07:08 - Creating access control expression attribute 'hasRole('ADMIN')' for /admin/**
2019-01-01 14:07:08 - Creating access control expression attribute 'hasAnyRole('USER, ADMIN')' for /**
2019-01-01 14:07:08 - Checking sorted filter chain: [Root bean: class [org.springframework.security.web.context.SecurityContextPersistenceFilter]; scope=; abstract=false; lazyInit=false; autowireMode=0; dependencyCheck=0; autowireCandidate=true; primary=false; factoryBeanName=null; factoryMethodName=null; initMethodName=null; destroyMethodName=null, order = 200, Root bean: class [org.springframework.security.web.context.request.async.WebAsyncManagerIntegrationFilter]; scope=; abstract=false; lazyInit=false; autowireMode=0; dependencyCheck=0; autowireCandidate=true; primary=false; factoryBeanName=null; factoryMethodName=null; initMethodName=null; destroyMethodName=null, order = 400, Root bean: class [org.springframework.security.web.header.HeaderWriterFilter]; scope=; abstract=false; lazyInit=false; autowireMode=0; dependencyCheck=0; autowireCandidate=true; primary=false; factoryBeanName=null; factoryMethodName=null; initMethodName=null; destroyMethodName=null, order = 500, Root bean: class [org.springframework.security.web.csrf.CsrfFilter]; scope=; abstract=false; lazyInit=false; autowireMode=0; dependencyCheck=0; autowireCandidate=true; primary=false; factoryBeanName=null; factoryMethodName=null; initMethodName=null; destroyMethodName=null, order = 600, Root bean: class [org.springframework.security.web.authentication.logout.LogoutFilter]; scope=; abstract=false; lazyInit=false; autowireMode=0; dependencyCheck=0; autowireCandidate=true; primary=false; factoryBeanName=null; factoryMethodName=null; initMethodName=null; destroyMethodName=null, order = 700, <org.springframework.security.web.authentication.UsernamePasswordAuthenticationFilter#0>, order = 1100, Root bean: class [org.springframework.security.web.authentication.www.BasicAuthenticationFilter]; scope=; abstract=false; lazyInit=false; autowireMode=0; dependencyCheck=0; autowireCandidate=true; primary=false; factoryBeanName=null; factoryMethodName=null; initMethodName=null; destroyMethodName=null, order = 1500, Root bean: class [org.springframework.security.web.savedrequest.RequestCacheAwareFilter]; scope=; abstract=false; lazyInit=false; autowireMode=0; dependencyCheck=0; autowireCandidate=true; primary=false; factoryBeanName=null; factoryMethodName=null; initMethodName=null; destroyMethodName=null, order = 1600, Root bean: class [org.springframework.security.web.servletapi.SecurityContextHolderAwareRequestFilter]; scope=; abstract=false; lazyInit=false; autowireMode=0; dependencyCheck=0; autowireCandidate=true; primary=false; factoryBeanName=null; factoryMethodName=null; initMethodName=null; destroyMethodName=null, order = 1700, Root bean: class [org.springframework.security.web.authentication.AnonymousAuthenticationFilter]; scope=; abstract=false; lazyInit=false; autowireMode=0; dependencyCheck=0; autowireCandidate=true; primary=false; factoryBeanName=null; factoryMethodName=null; initMethodName=null; destroyMethodName=null, order = 2000, Root bean: class [org.springframework.security.web.session.SessionManagementFilter]; scope=; abstract=false; lazyInit=false; autowireMode=0; dependencyCheck=0; autowireCandidate=true; primary=false; factoryBeanName=null; factoryMethodName=null; initMethodName=null; destroyMethodName=null, order = 2100, Root bean: class [org.springframework.security.web.access.ExceptionTranslationFilter]; scope=; abstract=false; lazyInit=false; autowireMode=0; dependencyCheck=0; autowireCandidate=true; primary=false; factoryBeanName=null; factoryMethodName=null; initMethodName=null; destroyMethodName=null, order = 2200, <org.springframework.security.web.access.intercept.FilterSecurityInterceptor#0>, order = 2300]
2019-01-01 14:07:08 - Creating filter chain: org.springframework.security.web.util.matcher.AnyRequestMatcher@1, [org.springframework.security.web.context.SecurityContextPersistenceFilter@749ee84a, org.springframework.security.web.context.request.async.WebAsyncManagerIntegrationFilter@36c92c4e, org.springframework.security.web.header.HeaderWriterFilter@2d7520f4, org.springframework.security.web.csrf.CsrfFilter@6d86c992, org.springframework.security.web.authentication.logout.LogoutFilter@6e59b0d0, org.springframework.security.web.authentication.UsernamePasswordAuthenticationFilter@118d5a09, org.springframework.security.web.authentication.www.BasicAuthenticationFilter@157bba4c, org.springframework.security.web.savedrequest.RequestCacheAwareFilter@4e6a2b28, org.springframework.security.web.servletapi.SecurityContextHolderAwareRequestFilter@6d96dd05, org.springframework.security.web.authentication.AnonymousAuthenticationFilter@16308fac, org.springframework.security.web.session.SessionManagementFilter@5e51fefc, org.springframework.security.web.access.ExceptionTranslationFilter@41fdbd75, org.springframework.security.web.access.intercept.FilterSecurityInterceptor@1ad83eba]
2019-01-01 14:07:08 - Checking whether login URL '/login/loginForm' is accessible with your configuration
2019-01-01 14:07:08 - Root WebApplicationContext: initialization completed in 514 ms
2019-01-01 14:07:08 - FrameworkServlet 'appServlet': initialization started
2019-01-01 14:07:08 - Refreshing WebApplicationContext for namespace 'appServlet-servlet': startup date [Tue Jan 01 14:07:08 KST 2019]; parent: Root WebApplicationContext
2019-01-01 14:07:08 - Loading XML bean definitions from ServletContext resource [/WEB-INF/spring/appServlet/servlet-context.xml]
2019-01-01 14:07:08 - JSR-330 'javax.inject.Inject' annotation found and supported for autowiring
2019-01-01 14:07:08 - Mapped "{[/home],methods=[GET],params=[],headers=[],consumes=[],produces=[],custom=[]}" onto public java.lang.String com.cho.homework.HomeController.home()
2019-01-01 14:07:08 - Mapped "{[/intro/introView],methods=[GET],params=[],headers=[],consumes=[],produces=[],custom=[]}" onto public java.lang.String com.cho.homework.HomeController.Intro()
2019-01-01 14:07:08 - Mapped "{[/login/loginForm],methods=[GET],params=[],headers=[],consumes=[],produces=[],custom=[]}" onto public java.lang.String com.cho.homework.LoginController.loginFor()
2019-01-01 14:07:08 - Mapped "{[/login/accessDenied],methods=[GET],params=[],headers=[],consumes=[],produces=[],custom=[]}" onto public java.lang.String com.cho.homework.LoginController.accessDenied()
2019-01-01 14:07:08 - Mapped "{[/admin/adminHome],methods=[GET],params=[],headers=[],consumes=[],produces=[],custom=[]}" onto public java.lang.String com.cho.homework.AdminController.home()
2019-01-01 14:07:08 - Mapped URL path [/resources/**] onto handler 'org.springframework.web.servlet.resource.ResourceHttpRequestHandler#0'
2019-01-01 14:07:08 - FrameworkServlet 'appServlet': initialization completed in 401 ms
2019-01-01 14:07:26 - Closing WebApplicationContext for namespace 'appServlet-servlet': startup date [Tue Jan 01 14:07:08 KST 2019]; parent: Root WebApplicationContext
2019-01-01 14:07:26 - Closing Root WebApplicationContext: startup date [Tue Jan 01 14:07:07 KST 2019]; root of context hierarchy
2019-01-01 14:07:28 - Root WebApplicationContext: initialization started
2019-01-01 14:07:28 - Refreshing Root WebApplicationContext: startup date [Tue Jan 01 14:07:28 KST 2019]; root of context hierarchy
2019-01-01 14:07:29 - Loading XML bean definitions from ServletContext resource [/WEB-INF/spring/root-context.xml]
2019-01-01 14:07:29 - Loading XML bean definitions from ServletContext resource [/WEB-INF/spring/security-context.xml]
2019-01-01 14:07:29 - Spring Security 'config' module version is 4.0.4.RELEASE
2019-01-01 14:07:29 - Creating access control expression attribute 'permitAll' for /login/loginForm
2019-01-01 14:07:29 - Creating access control expression attribute 'permitAll' for /
2019-01-01 14:07:29 - Creating access control expression attribute 'hasRole('ADMIN')' for /admin/**
2019-01-01 14:07:29 - Creating access control expression attribute 'hasAnyRole('USER, ADMIN')' for /**
2019-01-01 14:07:29 - Checking sorted filter chain: [Root bean: class [org.springframework.security.web.context.SecurityContextPersistenceFilter]; scope=; abstract=false; lazyInit=false; autowireMode=0; dependencyCheck=0; autowireCandidate=true; primary=false; factoryBeanName=null; factoryMethodName=null; initMethodName=null; destroyMethodName=null, order = 200, Root bean: class [org.springframework.security.web.context.request.async.WebAsyncManagerIntegrationFilter]; scope=; abstract=false; lazyInit=false; autowireMode=0; dependencyCheck=0; autowireCandidate=true; primary=false; factoryBeanName=null; factoryMethodName=null; initMethodName=null; destroyMethodName=null, order = 400, Root bean: class [org.springframework.security.web.header.HeaderWriterFilter]; scope=; abstract=false; lazyInit=false; autowireMode=0; dependencyCheck=0; autowireCandidate=true; primary=false; factoryBeanName=null; factoryMethodName=null; initMethodName=null; destroyMethodName=null, order = 500, Root bean: class [org.springframework.security.web.csrf.CsrfFilter]; scope=; abstract=false; lazyInit=false; autowireMode=0; dependencyCheck=0; autowireCandidate=true; primary=false; factoryBeanName=null; factoryMethodName=null; initMethodName=null; destroyMethodName=null, order = 600, Root bean: class [org.springframework.security.web.authentication.logout.LogoutFilter]; scope=; abstract=false; lazyInit=false; autowireMode=0; dependencyCheck=0; autowireCandidate=true; primary=false; factoryBeanName=null; factoryMethodName=null; initMethodName=null; destroyMethodName=null, order = 700, <org.springframework.security.web.authentication.UsernamePasswordAuthenticationFilter#0>, order = 1100, Root bean: class [org.springframework.security.web.authentication.www.BasicAuthenticationFilter]; scope=; abstract=false; lazyInit=false; autowireMode=0; dependencyCheck=0; autowireCandidate=true; primary=false; factoryBeanName=null; factoryMethodName=null; initMethodName=null; destroyMethodName=null, order = 1500, Root bean: class [org.springframework.security.web.savedrequest.RequestCacheAwareFilter]; scope=; abstract=false; lazyInit=false; autowireMode=0; dependencyCheck=0; autowireCandidate=true; primary=false; factoryBeanName=null; factoryMethodName=null; initMethodName=null; destroyMethodName=null, order = 1600, Root bean: class [org.springframework.security.web.servletapi.SecurityContextHolderAwareRequestFilter]; scope=; abstract=false; lazyInit=false; autowireMode=0; dependencyCheck=0; autowireCandidate=true; primary=false; factoryBeanName=null; factoryMethodName=null; initMethodName=null; destroyMethodName=null, order = 1700, Root bean: class [org.springframework.security.web.authentication.AnonymousAuthenticationFilter]; scope=; abstract=false; lazyInit=false; autowireMode=0; dependencyCheck=0; autowireCandidate=true; primary=false; factoryBeanName=null; factoryMethodName=null; initMethodName=null; destroyMethodName=null, order = 2000, Root bean: class [org.springframework.security.web.session.SessionManagementFilter]; scope=; abstract=false; lazyInit=false; autowireMode=0; dependencyCheck=0; autowireCandidate=true; primary=false; factoryBeanName=null; factoryMethodName=null; initMethodName=null; destroyMethodName=null, order = 2100, Root bean: class [org.springframework.security.web.access.ExceptionTranslationFilter]; scope=; abstract=false; lazyInit=false; autowireMode=0; dependencyCheck=0; autowireCandidate=true; primary=false; factoryBeanName=null; factoryMethodName=null; initMethodName=null; destroyMethodName=null, order = 2200, <org.springframework.security.web.access.intercept.FilterSecurityInterceptor#0>, order = 2300]
2019-01-01 14:07:29 - Creating filter chain: org.springframework.security.web.util.matcher.AnyRequestMatcher@1, [org.springframework.security.web.context.SecurityContextPersistenceFilter@b9eb5cd, org.springframework.security.web.context.request.async.WebAsyncManagerIntegrationFilter@397c11f2, org.springframework.security.web.header.HeaderWriterFilter@626ea965, org.springframework.security.web.csrf.CsrfFilter@1edde0d3, org.springframework.security.web.authentication.logout.LogoutFilter@60131e18, org.springframework.security.web.authentication.UsernamePasswordAuthenticationFilter@39396069, org.springframework.security.web.authentication.www.BasicAuthenticationFilter@2e8bd3aa, org.springframework.security.web.savedrequest.RequestCacheAwareFilter@5f2175d0, org.springframework.security.web.servletapi.SecurityContextHolderAwareRequestFilter@273a43f2, org.springframework.security.web.authentication.AnonymousAuthenticationFilter@55724554, org.springframework.security.web.session.SessionManagementFilter@2514cad3, org.springframework.security.web.access.ExceptionTranslationFilter@71cfa454, org.springframework.security.web.access.intercept.FilterSecurityInterceptor@49f4c4c]
2019-01-01 14:07:29 - Checking whether login URL '/login/loginForm' is accessible with your configuration
2019-01-01 14:07:29 - Root WebApplicationContext: initialization completed in 694 ms
2019-01-01 14:07:29 - FrameworkServlet 'appServlet': initialization started
2019-01-01 14:07:29 - Refreshing WebApplicationContext for namespace 'appServlet-servlet': startup date [Tue Jan 01 14:07:29 KST 2019]; parent: Root WebApplicationContext
2019-01-01 14:07:29 - Loading XML bean definitions from ServletContext resource [/WEB-INF/spring/appServlet/servlet-context.xml]
2019-01-01 14:07:29 - JSR-330 'javax.inject.Inject' annotation found and supported for autowiring
2019-01-01 14:07:29 - Mapped "{[/intro/introView],methods=[GET],params=[],headers=[],consumes=[],produces=[],custom=[]}" onto public java.lang.String com.cho.homework.HomeController.Intro()
2019-01-01 14:07:29 - Mapped "{[/home],methods=[GET],params=[],headers=[],consumes=[],produces=[],custom=[]}" onto public java.lang.String com.cho.homework.HomeController.home()
2019-01-01 14:07:29 - Mapped "{[/login/loginForm],methods=[GET],params=[],headers=[],consumes=[],produces=[],custom=[]}" onto public java.lang.String com.cho.homework.LoginController.loginFor()
2019-01-01 14:07:29 - Mapped "{[/login/accessDenied],methods=[GET],params=[],headers=[],consumes=[],produces=[],custom=[]}" onto public java.lang.String com.cho.homework.LoginController.accessDenied()
2019-01-01 14:07:29 - Mapped "{[/admin/adminHome],methods=[GET],params=[],headers=[],consumes=[],produces=[],custom=[]}" onto public java.lang.String com.cho.homework.AdminController.home()
2019-01-01 14:07:30 - Mapped URL path [/resources/**] onto handler 'org.springframework.web.servlet.resource.ResourceHttpRequestHandler#0'
2019-01-01 14:07:30 - FrameworkServlet 'appServlet': initialization completed in 481 ms
2019-01-01 14:07:30 - No mapping found for HTTP request with URI [/] in DispatcherServlet with name 'appServlet'
2019-01-01 14:07:39 - Closing WebApplicationContext for namespace 'appServlet-servlet': startup date [Tue Jan 01 14:07:29 KST 2019]; parent: Root WebApplicationContext
2019-01-01 14:07:39 - Closing Root WebApplicationContext: startup date [Tue Jan 01 14:07:28 KST 2019]; root of context hierarchy
2019-01-01 14:07:41 - Root WebApplicationContext: initialization started
2019-01-01 14:07:42 - Refreshing Root WebApplicationContext: startup date [Tue Jan 01 14:07:42 KST 2019]; root of context hierarchy
2019-01-01 14:07:42 - Loading XML bean definitions from ServletContext resource [/WEB-INF/spring/root-context.xml]
2019-01-01 14:07:42 - Loading XML bean definitions from ServletContext resource [/WEB-INF/spring/security-context.xml]
2019-01-01 14:07:42 - Spring Security 'config' module version is 4.0.4.RELEASE
2019-01-01 14:07:42 - Creating access control expression attribute 'permitAll' for /login/loginForm
2019-01-01 14:07:42 - Creating access control expression attribute 'permitAll' for /home
2019-01-01 14:07:42 - Creating access control expression attribute 'hasRole('ADMIN')' for /admin/**
2019-01-01 14:07:42 - Creating access control expression attribute 'hasAnyRole('USER, ADMIN')' for /**
2019-01-01 14:07:42 - Checking sorted filter chain: [Root bean: class [org.springframework.security.web.context.SecurityContextPersistenceFilter]; scope=; abstract=false; lazyInit=false; autowireMode=0; dependencyCheck=0; autowireCandidate=true; primary=false; factoryBeanName=null; factoryMethodName=null; initMethodName=null; destroyMethodName=null, order = 200, Root bean: class [org.springframework.security.web.context.request.async.WebAsyncManagerIntegrationFilter]; scope=; abstract=false; lazyInit=false; autowireMode=0; dependencyCheck=0; autowireCandidate=true; primary=false; factoryBeanName=null; factoryMethodName=null; initMethodName=null; destroyMethodName=null, order = 400, Root bean: class [org.springframework.security.web.header.HeaderWriterFilter]; scope=; abstract=false; lazyInit=false; autowireMode=0; dependencyCheck=0; autowireCandidate=true; primary=false; factoryBeanName=null; factoryMethodName=null; initMethodName=null; destroyMethodName=null, order = 500, Root bean: class [org.springframework.security.web.csrf.CsrfFilter]; scope=; abstract=false; lazyInit=false; autowireMode=0; dependencyCheck=0; autowireCandidate=true; primary=false; factoryBeanName=null; factoryMethodName=null; initMethodName=null; destroyMethodName=null, order = 600, Root bean: class [org.springframework.security.web.authentication.logout.LogoutFilter]; scope=; abstract=false; lazyInit=false; autowireMode=0; dependencyCheck=0; autowireCandidate=true; primary=false; factoryBeanName=null; factoryMethodName=null; initMethodName=null; destroyMethodName=null, order = 700, <org.springframework.security.web.authentication.UsernamePasswordAuthenticationFilter#0>, order = 1100, Root bean: class [org.springframework.security.web.authentication.www.BasicAuthenticationFilter]; scope=; abstract=false; lazyInit=false; autowireMode=0; dependencyCheck=0; autowireCandidate=true; primary=false; factoryBeanName=null; factoryMethodName=null; initMethodName=null; destroyMethodName=null, order = 1500, Root bean: class [org.springframework.security.web.savedrequest.RequestCacheAwareFilter]; scope=; abstract=false; lazyInit=false; autowireMode=0; dependencyCheck=0; autowireCandidate=true; primary=false; factoryBeanName=null; factoryMethodName=null; initMethodName=null; destroyMethodName=null, order = 1600, Root bean: class [org.springframework.security.web.servletapi.SecurityContextHolderAwareRequestFilter]; scope=; abstract=false; lazyInit=false; autowireMode=0; dependencyCheck=0; autowireCandidate=true; primary=false; factoryBeanName=null; factoryMethodName=null; initMethodName=null; destroyMethodName=null, order = 1700, Root bean: class [org.springframework.security.web.authentication.AnonymousAuthenticationFilter]; scope=; abstract=false; lazyInit=false; autowireMode=0; dependencyCheck=0; autowireCandidate=true; primary=false; factoryBeanName=null; factoryMethodName=null; initMethodName=null; destroyMethodName=null, order = 2000, Root bean: class [org.springframework.security.web.session.SessionManagementFilter]; scope=; abstract=false; lazyInit=false; autowireMode=0; dependencyCheck=0; autowireCandidate=true; primary=false; factoryBeanName=null; factoryMethodName=null; initMethodName=null; destroyMethodName=null, order = 2100, Root bean: class [org.springframework.security.web.access.ExceptionTranslationFilter]; scope=; abstract=false; lazyInit=false; autowireMode=0; dependencyCheck=0; autowireCandidate=true; primary=false; factoryBeanName=null; factoryMethodName=null; initMethodName=null; destroyMethodName=null, order = 2200, <org.springframework.security.web.access.intercept.FilterSecurityInterceptor#0>, order = 2300]
2019-01-01 14:07:42 - Creating filter chain: org.springframework.security.web.util.matcher.AnyRequestMatcher@1, [org.springframework.security.web.context.SecurityContextPersistenceFilter@45612070, org.springframework.security.web.context.request.async.WebAsyncManagerIntegrationFilter@31a630df, org.springframework.security.web.header.HeaderWriterFilter@325b6edd, org.springframework.security.web.csrf.CsrfFilter@72c6c2b0, org.springframework.security.web.authentication.logout.LogoutFilter@3ee80e38, org.springframework.security.web.authentication.UsernamePasswordAuthenticationFilter@3ec8e1f2, org.springframework.security.web.authentication.www.BasicAuthenticationFilter@570c4d70, org.springframework.security.web.savedrequest.RequestCacheAwareFilter@139bc663, org.springframework.security.web.servletapi.SecurityContextHolderAwareRequestFilter@6d7c83e6, org.springframework.security.web.authentication.AnonymousAuthenticationFilter@14c228ca, org.springframework.security.web.session.SessionManagementFilter@211090ef, org.springframework.security.web.access.ExceptionTranslationFilter@6cf5e270, org.springframework.security.web.access.intercept.FilterSecurityInterceptor@659f3fbb]
2019-01-01 14:07:42 - Checking whether login URL '/login/loginForm' is accessible with your configuration
2019-01-01 14:07:42 - Root WebApplicationContext: initialization completed in 705 ms
2019-01-01 14:07:42 - FrameworkServlet 'appServlet': initialization started
2019-01-01 14:07:42 - Refreshing WebApplicationContext for namespace 'appServlet-servlet': startup date [Tue Jan 01 14:07:42 KST 2019]; parent: Root WebApplicationContext
2019-01-01 14:07:42 - Loading XML bean definitions from ServletContext resource [/WEB-INF/spring/appServlet/servlet-context.xml]
2019-01-01 14:07:42 - JSR-330 'javax.inject.Inject' annotation found and supported for autowiring
2019-01-01 14:07:43 - Mapped "{[/home],methods=[GET],params=[],headers=[],consumes=[],produces=[],custom=[]}" onto public java.lang.String com.cho.homework.HomeController.home()
2019-01-01 14:07:43 - Mapped "{[/intro/introView],methods=[GET],params=[],headers=[],consumes=[],produces=[],custom=[]}" onto public java.lang.String com.cho.homework.HomeController.Intro()
2019-01-01 14:07:43 - Mapped "{[/login/loginForm],methods=[GET],params=[],headers=[],consumes=[],produces=[],custom=[]}" onto public java.lang.String com.cho.homework.LoginController.loginFor()
2019-01-01 14:07:43 - Mapped "{[/login/accessDenied],methods=[GET],params=[],headers=[],consumes=[],produces=[],custom=[]}" onto public java.lang.String com.cho.homework.LoginController.accessDenied()
2019-01-01 14:07:43 - Mapped "{[/admin/adminHome],methods=[GET],params=[],headers=[],consumes=[],produces=[],custom=[]}" onto public java.lang.String com.cho.homework.AdminController.home()
2019-01-01 14:07:43 - Mapped URL path [/resources/**] onto handler 'org.springframework.web.servlet.resource.ResourceHttpRequestHandler#0'
2019-01-01 14:07:43 - FrameworkServlet 'appServlet': initialization completed in 486 ms
2019-01-01 14:07:45 - No mapping found for HTTP request with URI [/] in DispatcherServlet with name 'appServlet'
2019-01-01 14:07:56 - /
2019-01-01 14:07:58 - /login/loginForm
2019-01-01 14:07:58 - No mapping found for HTTP request with URI [/] in DispatcherServlet with name 'appServlet'
2019-01-01 14:08:01 - /login/loginForm
2019-01-01 14:08:02 - /
2019-01-01 14:08:04 - /intro/introView
2019-01-01 14:08:06 - /
2019-01-01 14:08:07 - /login/accessDenied
2019-01-01 14:08:08 - /
2019-01-01 14:08:08 - /login/loginForm
2019-01-01 14:08:09 - No mapping found for HTTP request with URI [/] in DispatcherServlet with name 'appServlet'
2019-01-01 14:08:11 - /login/loginForm
2019-01-01 14:08:12 - /
2019-01-01 14:08:14 - /login/loginForm
2019-01-01 14:08:24 - Closing WebApplicationContext for namespace 'appServlet-servlet': startup date [Tue Jan 01 14:07:42 KST 2019]; parent: Root WebApplicationContext
2019-01-01 14:08:24 - Closing Root WebApplicationContext: startup date [Tue Jan 01 14:07:42 KST 2019]; root of context hierarchy
2019-01-01 14:08:26 - Root WebApplicationContext: initialization started
2019-01-01 14:08:26 - Refreshing Root WebApplicationContext: startup date [Tue Jan 01 14:08:26 KST 2019]; root of context hierarchy
2019-01-01 14:08:26 - Loading XML bean definitions from ServletContext resource [/WEB-INF/spring/root-context.xml]
2019-01-01 14:08:26 - Loading XML bean definitions from ServletContext resource [/WEB-INF/spring/security-context.xml]
2019-01-01 14:08:26 - Spring Security 'config' module version is 4.0.4.RELEASE
2019-01-01 14:08:26 - Creating access control expression attribute 'permitAll' for /login/loginForm
2019-01-01 14:08:26 - Creating access control expression attribute 'permitAll' for /home
2019-01-01 14:08:26 - Creating access control expression attribute 'hasRole('ADMIN')' for /admin/**
2019-01-01 14:08:26 - Creating access control expression attribute 'hasAnyRole('USER, ADMIN')' for /**
2019-01-01 14:08:26 - Checking sorted filter chain: [Root bean: class [org.springframework.security.web.context.SecurityContextPersistenceFilter]; scope=; abstract=false; lazyInit=false; autowireMode=0; dependencyCheck=0; autowireCandidate=true; primary=false; factoryBeanName=null; factoryMethodName=null; initMethodName=null; destroyMethodName=null, order = 200, Root bean: class [org.springframework.security.web.context.request.async.WebAsyncManagerIntegrationFilter]; scope=; abstract=false; lazyInit=false; autowireMode=0; dependencyCheck=0; autowireCandidate=true; primary=false; factoryBeanName=null; factoryMethodName=null; initMethodName=null; destroyMethodName=null, order = 400, Root bean: class [org.springframework.security.web.header.HeaderWriterFilter]; scope=; abstract=false; lazyInit=false; autowireMode=0; dependencyCheck=0; autowireCandidate=true; primary=false; factoryBeanName=null; factoryMethodName=null; initMethodName=null; destroyMethodName=null, order = 500, Root bean: class [org.springframework.security.web.csrf.CsrfFilter]; scope=; abstract=false; lazyInit=false; autowireMode=0; dependencyCheck=0; autowireCandidate=true; primary=false; factoryBeanName=null; factoryMethodName=null; initMethodName=null; destroyMethodName=null, order = 600, Root bean: class [org.springframework.security.web.authentication.logout.LogoutFilter]; scope=; abstract=false; lazyInit=false; autowireMode=0; dependencyCheck=0; autowireCandidate=true; primary=false; factoryBeanName=null; factoryMethodName=null; initMethodName=null; destroyMethodName=null, order = 700, <org.springframework.security.web.authentication.UsernamePasswordAuthenticationFilter#0>, order = 1100, Root bean: class [org.springframework.security.web.authentication.www.BasicAuthenticationFilter]; scope=; abstract=false; lazyInit=false; autowireMode=0; dependencyCheck=0; autowireCandidate=true; primary=false; factoryBeanName=null; factoryMethodName=null; initMethodName=null; destroyMethodName=null, order = 1500, Root bean: class [org.springframework.security.web.savedrequest.RequestCacheAwareFilter]; scope=; abstract=false; lazyInit=false; autowireMode=0; dependencyCheck=0; autowireCandidate=true; primary=false; factoryBeanName=null; factoryMethodName=null; initMethodName=null; destroyMethodName=null, order = 1600, Root bean: class [org.springframework.security.web.servletapi.SecurityContextHolderAwareRequestFilter]; scope=; abstract=false; lazyInit=false; autowireMode=0; dependencyCheck=0; autowireCandidate=true; primary=false; factoryBeanName=null; factoryMethodName=null; initMethodName=null; destroyMethodName=null, order = 1700, Root bean: class [org.springframework.security.web.authentication.AnonymousAuthenticationFilter]; scope=; abstract=false; lazyInit=false; autowireMode=0; dependencyCheck=0; autowireCandidate=true; primary=false; factoryBeanName=null; factoryMethodName=null; initMethodName=null; destroyMethodName=null, order = 2000, Root bean: class [org.springframework.security.web.session.SessionManagementFilter]; scope=; abstract=false; lazyInit=false; autowireMode=0; dependencyCheck=0; autowireCandidate=true; primary=false; factoryBeanName=null; factoryMethodName=null; initMethodName=null; destroyMethodName=null, order = 2100, Root bean: class [org.springframework.security.web.access.ExceptionTranslationFilter]; scope=; abstract=false; lazyInit=false; autowireMode=0; dependencyCheck=0; autowireCandidate=true; primary=false; factoryBeanName=null; factoryMethodName=null; initMethodName=null; destroyMethodName=null, order = 2200, <org.springframework.security.web.access.intercept.FilterSecurityInterceptor#0>, order = 2300]
2019-01-01 14:08:27 - Creating filter chain: org.springframework.security.web.util.matcher.AnyRequestMatcher@1, [org.springframework.security.web.context.SecurityContextPersistenceFilter@175fb9d9, org.springframework.security.web.context.request.async.WebAsyncManagerIntegrationFilter@66613b9d, org.springframework.security.web.header.HeaderWriterFilter@ae9811d, org.springframework.security.web.csrf.CsrfFilter@454294e3, org.springframework.security.web.authentication.logout.LogoutFilter@2f396ce3, org.springframework.security.web.authentication.UsernamePasswordAuthenticationFilter@40eb074a, org.springframework.security.web.authentication.www.BasicAuthenticationFilter@64c8723, org.springframework.security.web.savedrequest.RequestCacheAwareFilter@5778ee85, org.springframework.security.web.servletapi.SecurityContextHolderAwareRequestFilter@33c2defd, org.springframework.security.web.authentication.AnonymousAuthenticationFilter@2b0b5e98, org.springframework.security.web.session.SessionManagementFilter@491cb145, org.springframework.security.web.access.ExceptionTranslationFilter@59007225, org.springframework.security.web.access.intercept.FilterSecurityInterceptor@7c107ace]
2019-01-01 14:08:27 - Checking whether login URL '/login/loginForm' is accessible with your configuration
2019-01-01 14:08:27 - Root WebApplicationContext: initialization completed in 710 ms
2019-01-01 14:08:27 - FrameworkServlet 'appServlet': initialization started
2019-01-01 14:08:27 - Refreshing WebApplicationContext for namespace 'appServlet-servlet': startup date [Tue Jan 01 14:08:27 KST 2019]; parent: Root WebApplicationContext
2019-01-01 14:08:27 - Loading XML bean definitions from ServletContext resource [/WEB-INF/spring/appServlet/servlet-context.xml]
2019-01-01 14:08:27 - JSR-330 'javax.inject.Inject' annotation found and supported for autowiring
2019-01-01 14:08:27 - Mapped "{[/intro/introView],methods=[GET],params=[],headers=[],consumes=[],produces=[],custom=[]}" onto public java.lang.String com.cho.homework.HomeController.Intro()
2019-01-01 14:08:27 - Mapped "{[/home],methods=[GET],params=[],headers=[],consumes=[],produces=[],custom=[]}" onto public java.lang.String com.cho.homework.HomeController.home()
2019-01-01 14:08:27 - Mapped "{[/login/loginForm],methods=[GET],params=[],headers=[],consumes=[],produces=[],custom=[]}" onto public java.lang.String com.cho.homework.LoginController.loginFor()
2019-01-01 14:08:27 - Mapped "{[/login/accessDenied],methods=[GET],params=[],headers=[],consumes=[],produces=[],custom=[]}" onto public java.lang.String com.cho.homework.LoginController.accessDenied()
2019-01-01 14:08:27 - Mapped "{[/admin/adminHome],methods=[GET],params=[],headers=[],consumes=[],produces=[],custom=[]}" onto public java.lang.String com.cho.homework.AdminController.home()
2019-01-01 14:08:27 - Mapped URL path [/resources/**] onto handler 'org.springframework.web.servlet.resource.ResourceHttpRequestHandler#0'
2019-01-01 14:08:27 - FrameworkServlet 'appServlet': initialization completed in 463 ms
2019-01-01 14:08:33 - Closing WebApplicationContext for namespace 'appServlet-servlet': startup date [Tue Jan 01 14:08:27 KST 2019]; parent: Root WebApplicationContext
2019-01-01 14:08:33 - Closing Root WebApplicationContext: startup date [Tue Jan 01 14:08:26 KST 2019]; root of context hierarchy
2019-01-01 14:08:35 - Root WebApplicationContext: initialization started
2019-01-01 14:08:35 - Refreshing Root WebApplicationContext: startup date [Tue Jan 01 14:08:35 KST 2019]; root of context hierarchy
2019-01-01 14:08:35 - Loading XML bean definitions from ServletContext resource [/WEB-INF/spring/root-context.xml]
2019-01-01 14:08:35 - Loading XML bean definitions from ServletContext resource [/WEB-INF/spring/security-context.xml]
2019-01-01 14:08:35 - Spring Security 'config' module version is 4.0.4.RELEASE
2019-01-01 14:08:35 - Creating access control expression attribute 'permitAll' for /login/loginForm
2019-01-01 14:08:35 - Creating access control expression attribute 'permitAll' for /home
2019-01-01 14:08:35 - Creating access control expression attribute 'hasRole('ADMIN')' for /admin/**
2019-01-01 14:08:35 - Creating access control expression attribute 'hasAnyRole('USER, ADMIN')' for /**
2019-01-01 14:08:35 - Checking sorted filter chain: [Root bean: class [org.springframework.security.web.context.SecurityContextPersistenceFilter]; scope=; abstract=false; lazyInit=false; autowireMode=0; dependencyCheck=0; autowireCandidate=true; primary=false; factoryBeanName=null; factoryMethodName=null; initMethodName=null; destroyMethodName=null, order = 200, Root bean: class [org.springframework.security.web.context.request.async.WebAsyncManagerIntegrationFilter]; scope=; abstract=false; lazyInit=false; autowireMode=0; dependencyCheck=0; autowireCandidate=true; primary=false; factoryBeanName=null; factoryMethodName=null; initMethodName=null; destroyMethodName=null, order = 400, Root bean: class [org.springframework.security.web.header.HeaderWriterFilter]; scope=; abstract=false; lazyInit=false; autowireMode=0; dependencyCheck=0; autowireCandidate=true; primary=false; factoryBeanName=null; factoryMethodName=null; initMethodName=null; destroyMethodName=null, order = 500, Root bean: class [org.springframework.security.web.csrf.CsrfFilter]; scope=; abstract=false; lazyInit=false; autowireMode=0; dependencyCheck=0; autowireCandidate=true; primary=false; factoryBeanName=null; factoryMethodName=null; initMethodName=null; destroyMethodName=null, order = 600, Root bean: class [org.springframework.security.web.authentication.logout.LogoutFilter]; scope=; abstract=false; lazyInit=false; autowireMode=0; dependencyCheck=0; autowireCandidate=true; primary=false; factoryBeanName=null; factoryMethodName=null; initMethodName=null; destroyMethodName=null, order = 700, <org.springframework.security.web.authentication.UsernamePasswordAuthenticationFilter#0>, order = 1100, Root bean: class [org.springframework.security.web.authentication.www.BasicAuthenticationFilter]; scope=; abstract=false; lazyInit=false; autowireMode=0; dependencyCheck=0; autowireCandidate=true; primary=false; factoryBeanName=null; factoryMethodName=null; initMethodName=null; destroyMethodName=null, order = 1500, Root bean: class [org.springframework.security.web.savedrequest.RequestCacheAwareFilter]; scope=; abstract=false; lazyInit=false; autowireMode=0; dependencyCheck=0; autowireCandidate=true; primary=false; factoryBeanName=null; factoryMethodName=null; initMethodName=null; destroyMethodName=null, order = 1600, Root bean: class [org.springframework.security.web.servletapi.SecurityContextHolderAwareRequestFilter]; scope=; abstract=false; lazyInit=false; autowireMode=0; dependencyCheck=0; autowireCandidate=true; primary=false; factoryBeanName=null; factoryMethodName=null; initMethodName=null; destroyMethodName=null, order = 1700, Root bean: class [org.springframework.security.web.authentication.AnonymousAuthenticationFilter]; scope=; abstract=false; lazyInit=false; autowireMode=0; dependencyCheck=0; autowireCandidate=true; primary=false; factoryBeanName=null; factoryMethodName=null; initMethodName=null; destroyMethodName=null, order = 2000, Root bean: class [org.springframework.security.web.session.SessionManagementFilter]; scope=; abstract=false; lazyInit=false; autowireMode=0; dependencyCheck=0; autowireCandidate=true; primary=false; factoryBeanName=null; factoryMethodName=null; initMethodName=null; destroyMethodName=null, order = 2100, Root bean: class [org.springframework.security.web.access.ExceptionTranslationFilter]; scope=; abstract=false; lazyInit=false; autowireMode=0; dependencyCheck=0; autowireCandidate=true; primary=false; factoryBeanName=null; factoryMethodName=null; initMethodName=null; destroyMethodName=null, order = 2200, <org.springframework.security.web.access.intercept.FilterSecurityInterceptor#0>, order = 2300]
2019-01-01 14:08:35 - Creating filter chain: org.springframework.security.web.util.matcher.AnyRequestMatcher@1, [org.springframework.security.web.context.SecurityContextPersistenceFilter@52a2d86b, org.springframework.security.web.context.request.async.WebAsyncManagerIntegrationFilter@41c8e75c, org.springframework.security.web.header.HeaderWriterFilter@1582ff82, org.springframework.security.web.csrf.CsrfFilter@fbb0586, org.springframework.security.web.authentication.logout.LogoutFilter@4b1ef59a, org.springframework.security.web.authentication.UsernamePasswordAuthenticationFilter@4dea09a2, org.springframework.security.web.authentication.www.BasicAuthenticationFilter@4f969172, org.springframework.security.web.savedrequest.RequestCacheAwareFilter@18563a33, org.springframework.security.web.servletapi.SecurityContextHolderAwareRequestFilter@2458ae86, org.springframework.security.web.authentication.AnonymousAuthenticationFilter@39e204b6, org.springframework.security.web.session.SessionManagementFilter@42040ff9, org.springframework.security.web.access.ExceptionTranslationFilter@6b2a2228, org.springframework.security.web.access.intercept.FilterSecurityInterceptor@a678d55]
2019-01-01 14:08:35 - Checking whether login URL '/login/loginForm' is accessible with your configuration
2019-01-01 14:08:35 - Root WebApplicationContext: initialization completed in 759 ms
2019-01-01 14:08:36 - FrameworkServlet 'appServlet': initialization started
2019-01-01 14:08:36 - Refreshing WebApplicationContext for namespace 'appServlet-servlet': startup date [Tue Jan 01 14:08:36 KST 2019]; parent: Root WebApplicationContext
2019-01-01 14:08:36 - Loading XML bean definitions from ServletContext resource [/WEB-INF/spring/appServlet/servlet-context.xml]
2019-01-01 14:08:36 - JSR-330 'javax.inject.Inject' annotation found and supported for autowiring
2019-01-01 14:08:36 - Mapped "{[/intro/introView],methods=[GET],params=[],headers=[],consumes=[],produces=[],custom=[]}" onto public java.lang.String com.cho.homework.HomeController.Intro()
2019-01-01 14:08:36 - Mapped "{[/home],methods=[GET],params=[],headers=[],consumes=[],produces=[],custom=[]}" onto public java.lang.String com.cho.homework.HomeController.home()
2019-01-01 14:08:36 - Mapped "{[/login/loginForm],methods=[GET],params=[],headers=[],consumes=[],produces=[],custom=[]}" onto public java.lang.String com.cho.homework.LoginController.loginFor()
2019-01-01 14:08:36 - Mapped "{[/login/accessDenied],methods=[GET],params=[],headers=[],consumes=[],produces=[],custom=[]}" onto public java.lang.String com.cho.homework.LoginController.accessDenied()
2019-01-01 14:08:36 - Mapped "{[/admin/adminHome],methods=[GET],params=[],headers=[],consumes=[],produces=[],custom=[]}" onto public java.lang.String com.cho.homework.AdminController.home()
2019-01-01 14:08:36 - Mapped URL path [/resources/**] onto handler 'org.springframework.web.servlet.resource.ResourceHttpRequestHandler#0'
2019-01-01 14:08:36 - FrameworkServlet 'appServlet': initialization completed in 477 ms
2019-01-01 14:08:43 - No mapping found for HTTP request with URI [/] in DispatcherServlet with name 'appServlet'
2019-01-01 14:08:51 - No mapping found for HTTP request with URI [/hom] in DispatcherServlet with name 'appServlet'
2019-01-01 14:08:53 - /
2019-01-01 14:08:55 - /login/loginForm
2019-01-01 14:08:56 - No mapping found for HTTP request with URI [/] in DispatcherServlet with name 'appServlet'
2019-01-01 14:09:32 - Closing WebApplicationContext for namespace 'appServlet-servlet': startup date [Tue Jan 01 14:08:36 KST 2019]; parent: Root WebApplicationContext
2019-01-01 14:09:32 - Closing Root WebApplicationContext: startup date [Tue Jan 01 14:08:35 KST 2019]; root of context hierarchy
2019-01-01 14:09:34 - Root WebApplicationContext: initialization started
2019-01-01 14:09:34 - Refreshing Root WebApplicationContext: startup date [Tue Jan 01 14:09:34 KST 2019]; root of context hierarchy
2019-01-01 14:09:34 - Loading XML bean definitions from ServletContext resource [/WEB-INF/spring/root-context.xml]
2019-01-01 14:09:34 - Loading XML bean definitions from ServletContext resource [/WEB-INF/spring/security-context.xml]
2019-01-01 14:09:34 - Spring Security 'config' module version is 4.0.4.RELEASE
2019-01-01 14:09:34 - Creating access control expression attribute 'permitAll' for /login/loginForm
2019-01-01 14:09:34 - Creating access control expression attribute 'permitAll' for /home
2019-01-01 14:09:34 - Creating access control expression attribute 'hasRole('ADMIN')' for /admin/**
2019-01-01 14:09:34 - Creating access control expression attribute 'hasAnyRole('USER, ADMIN')' for /**
2019-01-01 14:09:34 - Checking sorted filter chain: [Root bean: class [org.springframework.security.web.context.SecurityContextPersistenceFilter]; scope=; abstract=false; lazyInit=false; autowireMode=0; dependencyCheck=0; autowireCandidate=true; primary=false; factoryBeanName=null; factoryMethodName=null; initMethodName=null; destroyMethodName=null, order = 200, Root bean: class [org.springframework.security.web.context.request.async.WebAsyncManagerIntegrationFilter]; scope=; abstract=false; lazyInit=false; autowireMode=0; dependencyCheck=0; autowireCandidate=true; primary=false; factoryBeanName=null; factoryMethodName=null; initMethodName=null; destroyMethodName=null, order = 400, Root bean: class [org.springframework.security.web.header.HeaderWriterFilter]; scope=; abstract=false; lazyInit=false; autowireMode=0; dependencyCheck=0; autowireCandidate=true; primary=false; factoryBeanName=null; factoryMethodName=null; initMethodName=null; destroyMethodName=null, order = 500, Root bean: class [org.springframework.security.web.csrf.CsrfFilter]; scope=; abstract=false; lazyInit=false; autowireMode=0; dependencyCheck=0; autowireCandidate=true; primary=false; factoryBeanName=null; factoryMethodName=null; initMethodName=null; destroyMethodName=null, order = 600, Root bean: class [org.springframework.security.web.authentication.logout.LogoutFilter]; scope=; abstract=false; lazyInit=false; autowireMode=0; dependencyCheck=0; autowireCandidate=true; primary=false; factoryBeanName=null; factoryMethodName=null; initMethodName=null; destroyMethodName=null, order = 700, <org.springframework.security.web.authentication.UsernamePasswordAuthenticationFilter#0>, order = 1100, Root bean: class [org.springframework.security.web.authentication.www.BasicAuthenticationFilter]; scope=; abstract=false; lazyInit=false; autowireMode=0; dependencyCheck=0; autowireCandidate=true; primary=false; factoryBeanName=null; factoryMethodName=null; initMethodName=null; destroyMethodName=null, order = 1500, Root bean: class [org.springframework.security.web.savedrequest.RequestCacheAwareFilter]; scope=; abstract=false; lazyInit=false; autowireMode=0; dependencyCheck=0; autowireCandidate=true; primary=false; factoryBeanName=null; factoryMethodName=null; initMethodName=null; destroyMethodName=null, order = 1600, Root bean: class [org.springframework.security.web.servletapi.SecurityContextHolderAwareRequestFilter]; scope=; abstract=false; lazyInit=false; autowireMode=0; dependencyCheck=0; autowireCandidate=true; primary=false; factoryBeanName=null; factoryMethodName=null; initMethodName=null; destroyMethodName=null, order = 1700, Root bean: class [org.springframework.security.web.authentication.AnonymousAuthenticationFilter]; scope=; abstract=false; lazyInit=false; autowireMode=0; dependencyCheck=0; autowireCandidate=true; primary=false; factoryBeanName=null; factoryMethodName=null; initMethodName=null; destroyMethodName=null, order = 2000, Root bean: class [org.springframework.security.web.session.SessionManagementFilter]; scope=; abstract=false; lazyInit=false; autowireMode=0; dependencyCheck=0; autowireCandidate=true; primary=false; factoryBeanName=null; factoryMethodName=null; initMethodName=null; destroyMethodName=null, order = 2100, Root bean: class [org.springframework.security.web.access.ExceptionTranslationFilter]; scope=; abstract=false; lazyInit=false; autowireMode=0; dependencyCheck=0; autowireCandidate=true; primary=false; factoryBeanName=null; factoryMethodName=null; initMethodName=null; destroyMethodName=null, order = 2200, <org.springframework.security.web.access.intercept.FilterSecurityInterceptor#0>, order = 2300]
2019-01-01 14:09:34 - Creating filter chain: org.springframework.security.web.util.matcher.AnyRequestMatcher@1, [org.springframework.security.web.context.SecurityContextPersistenceFilter@209806ce, org.springframework.security.web.context.request.async.WebAsyncManagerIntegrationFilter@4bd49170, org.springframework.security.web.header.HeaderWriterFilter@3873f4f4, org.springframework.security.web.csrf.CsrfFilter@3ed0c5bd, org.springframework.security.web.authentication.logout.LogoutFilter@5e9e1adf, org.springframework.security.web.authentication.UsernamePasswordAuthenticationFilter@31ae4f6d, org.springframework.security.web.authentication.www.BasicAuthenticationFilter@16ddd9f8, org.springframework.security.web.savedrequest.RequestCacheAwareFilter@2e980bb3, org.springframework.security.web.servletapi.SecurityContextHolderAwareRequestFilter@feb45d, org.springframework.security.web.authentication.AnonymousAuthenticationFilter@43e85608, org.springframework.security.web.session.SessionManagementFilter@3b025594, org.springframework.security.web.access.ExceptionTranslationFilter@55a914d4, org.springframework.security.web.access.intercept.FilterSecurityInterceptor@20800e60]
2019-01-01 14:09:34 - Checking whether login URL '/login/loginForm' is accessible with your configuration
2019-01-01 14:09:35 - Root WebApplicationContext: initialization completed in 688 ms
2019-01-01 14:09:35 - FrameworkServlet 'appServlet': initialization started
2019-01-01 14:09:35 - Refreshing WebApplicationContext for namespace 'appServlet-servlet': startup date [Tue Jan 01 14:09:35 KST 2019]; parent: Root WebApplicationContext
2019-01-01 14:09:35 - Loading XML bean definitions from ServletContext resource [/WEB-INF/spring/appServlet/servlet-context.xml]
2019-01-01 14:09:35 - JSR-330 'javax.inject.Inject' annotation found and supported for autowiring
2019-01-01 14:09:35 - Mapped "{[/home],methods=[GET],params=[],headers=[],consumes=[],produces=[],custom=[]}" onto public java.lang.String com.cho.homework.HomeController.home()
2019-01-01 14:09:35 - Mapped "{[/intro/introView],methods=[GET],params=[],headers=[],consumes=[],produces=[],custom=[]}" onto public java.lang.String com.cho.homework.HomeController.Intro()
2019-01-01 14:09:35 - Mapped "{[/login/loginForm],methods=[GET],params=[],headers=[],consumes=[],produces=[],custom=[]}" onto public java.lang.String com.cho.homework.LoginController.loginFor()
2019-01-01 14:09:35 - Mapped "{[/login/accessDenied],methods=[GET],params=[],headers=[],consumes=[],produces=[],custom=[]}" onto public java.lang.String com.cho.homework.LoginController.accessDenied()
2019-01-01 14:09:35 - Mapped "{[/admin/adminHome],methods=[GET],params=[],headers=[],consumes=[],produces=[],custom=[]}" onto public java.lang.String com.cho.homework.AdminController.home()
2019-01-01 14:09:35 - Mapped URL path [/resources/**] onto handler 'org.springframework.web.servlet.resource.ResourceHttpRequestHandler#0'
2019-01-01 14:09:35 - FrameworkServlet 'appServlet': initialization completed in 462 ms
2019-01-01 14:09:41 - /login/loginForm
2019-01-01 14:09:42 - /
2019-01-01 14:09:43 - /
2019-01-01 14:09:44 - /login/loginForm
2019-01-01 14:09:45 - /
2019-01-01 14:09:46 - /intro/introView
2019-01-01 14:09:46 - /
2019-01-01 14:09:47 - /login/accessDenied
2019-01-01 14:09:48 - /
2019-01-01 14:09:48 - /
2019-01-01 14:09:49 - /login/loginForm
2019-01-01 14:09:51 - /
2019-01-01 14:09:52 - /admin/adminHome
2019-01-01 14:09:54 - /
